<?xml version="1.0" encoding="UTF-8"?>
<testng-results skipped="0" failed="0" total="1" passed="1">
  <reporter-output>
  </reporter-output>
  <suite name="Default Suite" duration-ms="14927" started-at="2019-04-26T20:18:35Z" finished-at="2019-04-26T20:18:50Z">
    <groups>
    </groups>
    <test name="Selenium_day1" duration-ms="14927" started-at="2019-04-26T20:18:35Z" finished-at="2019-04-26T20:18:50Z">
      <class name="Open">
        <test-method status="PASS" signature="OpenOv()[pri:0, instance:Open@6fb554cc]" name="OpenOv" duration-ms="13829" started-at="2019-04-27T04:18:35Z" finished-at="2019-04-27T04:18:49Z">
          <reporter-output>
          </reporter-output>
        </test-method> <!-- OpenOv -->
        <test-method status="PASS" signature="Method()[pri:0, instance:Open@6fb554cc]" name="Method" is-config="true" duration-ms="1079" started-at="2019-04-27T04:18:49Z" finished-at="2019-04-27T04:18:50Z">
          <reporter-output>
          </reporter-output>
        </test-method> <!-- Method -->
      </class> <!-- Open -->
    </test> <!-- Selenium_day1 -->
  </suite> <!-- Default Suite -->
</testng-results>
